<?xml version="1.0" encoding="UTF-8"?>
<!-- Generated by org.testng.reporters.JUnitXMLReporter -->
<testsuite hostname="Irwins-MacBook-Air.local" ignored="0" name="Default test" tests="3" failures="0" timestamp="2020-08-29T12:06:24 EDT" time="0.044" errors="0">
  <testcase name="taskOne" time="0.007" classname="com.syntax.class01_HWCW.Task"/>
  <testcase name="taskThree" time="0.001" classname="com.syntax.class01_HWCW.Task"/>
  <testcase name="taskTwo" time="0.0" classname="com.syntax.class01_HWCW.Task"/>
</testsuite> <!-- Default test -->
