<?xml version="1.0" encoding="UTF-8"?>
<!-- Generated by org.testng.reporters.JUnitXMLReporter -->
<testsuite hostname="Irwins-MacBook-Air.local" ignored="0" name="Default test" tests="3" failures="0" timestamp="2020-09-05T11:37:10 EDT" time="13.646" errors="0">
  <testcase name="loginFormText" time="0.055" classname="com.syntax.class02.HardAssertion"/>
  <testcase name="logoValidation" time="0.072" classname="com.syntax.class02.HardAssertion"/>
  <testcase name="titleValidation" time="0.011" classname="com.syntax.class02.HardAssertion"/>
</testsuite> <!-- Default test -->
