<?xml version="1.0" encoding="UTF-8"?>
<!-- Generated by org.testng.reporters.JUnitXMLReporter -->
<testsuite hostname="Irwins-MacBook-Air.local" ignored="2" name="Smoke Test" tests="1" failures="0" timestamp="2020-09-05T13:35:26 EDT" time="8.557" errors="0">
  <testcase name="validLogin" time="3.436" classname="com.syntax.class03.GroupExamples"/>
  <testcase name="multipleLogin" time="0.0" classname="com.syntax.class03.DataProvider">
    <ignored/>
  </testcase> <!-- multipleLogin -->
  <testcase name="invalidLogin" time="0.0" classname="com.syntax.class03.GroupExamples">
    <ignored/>
  </testcase> <!-- invalidLogin -->
</testsuite> <!-- Smoke Test -->
