<?xml version="1.0" encoding="UTF-8"?>
<!-- Generated by org.testng.reporters.JUnitXMLReporter -->
<testsuite hostname="Irwins-MacBook-Air.local" ignored="2" name="Regression Test" tests="1" failures="0" timestamp="2020-09-05T13:33:41 EDT" time="5.14" errors="0">
  <testcase name="invalidLogin" time="0.207" classname="com.syntax.class03.GroupExamples"/>
  <testcase name="validLogin" time="0.0" classname="com.syntax.class03.GroupExamples">
    <ignored/>
  </testcase> <!-- validLogin -->
  <testcase name="multipleLogin" time="0.0" classname="com.syntax.class03.DataProvider">
    <ignored/>
  </testcase> <!-- multipleLogin -->
</testsuite> <!-- Regression Test -->
