<?xml version="1.0" encoding="UTF-8"?>
<testng-results skipped="0" failed="0" ignored="0" total="1" passed="1">
  <reporter-output>
  </reporter-output>
  <suite name="Default suite" duration-ms="9514" started-at="2020-08-29T15:16:19 EDT" finished-at="2020-08-29T15:16:29 EDT">
    <groups>
    </groups>
    <test name="Default test" duration-ms="9514" started-at="2020-08-29T15:16:19 EDT" finished-at="2020-08-29T15:16:29 EDT">
      <class name="com.syntax.class01_HWCW.Task3">
        <test-method status="PASS" signature="openBrowser()[pri:0, instance:com.syntax.class01_HWCW.Task3@551aa95a]" name="openBrowser" is-config="true" duration-ms="4229" started-at="2020-08-29T15:16:19 EDT" finished-at="2020-08-29T15:16:23 EDT">
          <reporter-output>
          </reporter-output>
        </test-method> <!-- openBrowser -->
        <test-method status="PASS" signature="validLogin()[pri:0, instance:com.syntax.class01_HWCW.Task3@551aa95a]" name="validLogin" duration-ms="5168" started-at="2020-08-29T15:16:23 EDT" finished-at="2020-08-29T15:16:29 EDT">
          <reporter-output>
          </reporter-output>
        </test-method> <!-- validLogin -->
        <test-method status="PASS" signature="closeBrowser()[pri:0, instance:com.syntax.class01_HWCW.Task3@551aa95a]" name="closeBrowser" is-config="true" duration-ms="85" started-at="2020-08-29T15:16:29 EDT" finished-at="2020-08-29T15:16:29 EDT">
          <reporter-output>
          </reporter-output>
        </test-method> <!-- closeBrowser -->
      </class> <!-- com.syntax.class01_HWCW.Task3 -->
    </test> <!-- Default test -->
  </suite> <!-- Default suite -->
</testng-results>
